<?xml version="1.0" encoding="UTF-8"?>
<testsuite xmlns:xsi="http://www.w3.org/2001/XMLSchema-instance" xsi:noNamespaceSchemaLocation="https://maven.apache.org/surefire/maven-surefire-plugin/xsd/surefire-test-report.xsd" version="3.0.2" name="com.bank.api.integration.AccountIntegrationTest" time="3.593" tests="4" errors="0" skipped="0" failures="0">
  <properties>
    <property name="java.specification.version" value="17"/>
    <property name="sun.jnu.encoding" value="UTF-8"/>
    <property name="java.class.path" value="/Users/semereghebrechristos/Documents/banking-api/target/test-classes:/Users/semereghebrechristos/Documents/banking-api/target/classes:/Users/semereghebrechristos/.m2/repository/org/springframework/boot/spring-boot-starter-actuator/3.4.2/spring-boot-starter-actuator-3.4.2.jar:/Users/semereghebrechristos/.m2/repository/org/springframework/boot/spring-boot-starter/3.4.2/spring-boot-starter-3.4.2.jar:/Users/semereghebrechristos/.m2/repository/org/springframework/boot/spring-boot/3.4.2/spring-boot-3.4.2.jar:/Users/semereghebrechristos/.m2/repository/org/springframework/boot/spring-boot-autoconfigure/3.4.2/spring-boot-autoconfigure-3.4.2.jar:/Users/semereghebrechristos/.m2/repository/org/springframework/boot/spring-boot-starter-logging/3.4.2/spring-boot-starter-logging-3.4.2.jar:/Users/semereghebrechristos/.m2/repository/ch/qos/logback/logback-classic/1.5.16/logback-classic-1.5.16.jar:/Users/semereghebrechristos/.m2/repository/ch/qos/logback/logback-core/1.5.16/logback-core-1.5.16.jar:/Users/semereghebrechristos/.m2/repository/org/apache/logging/log4j/log4j-to-slf4j/2.24.3/log4j-to-slf4j-2.24.3.jar:/Users/semereghebrechristos/.m2/repository/org/apache/logging/log4j/log4j-api/2.24.3/log4j-api-2.24.3.jar:/Users/semereghebrechristos/.m2/repository/org/slf4j/jul-to-slf4j/2.0.16/jul-to-slf4j-2.0.16.jar:/Users/semereghebrechristos/.m2/repository/jakarta/annotation/jakarta.annotation-api/2.1.1/jakarta.annotation-api-2.1.1.jar:/Users/semereghebrechristos/.m2/repository/org/yaml/snakeyaml/2.3/snakeyaml-2.3.jar:/Users/semereghebrechristos/.m2/repository/org/springframework/boot/spring-boot-actuator-autoconfigure/3.4.2/spring-boot-actuator-autoconfigure-3.4.2.jar:/Users/semereghebrechristos/.m2/repository/org/springframework/boot/spring-boot-actuator/3.4.2/spring-boot-actuator-3.4.2.jar:/Users/semereghebrechristos/.m2/repository/com/fasterxml/jackson/core/jackson-databind/2.18.2/jackson-databind-2.18.2.jar:/Users/semereghebrechristos/.m2/repository/com/fasterxml/jackson/core/jackson-core/2.18.2/jackson-core-2.18.2.jar:/Users/semereghebrechristos/.m2/repository/com/fasterxml/jackson/datatype/jackson-datatype-jsr310/2.18.2/jackson-datatype-jsr310-2.18.2.jar:/Users/semereghebrechristos/.m2/repository/io/micrometer/micrometer-observation/1.14.3/micrometer-observation-1.14.3.jar:/Users/semereghebrechristos/.m2/repository/io/micrometer/micrometer-commons/1.14.3/micrometer-commons-1.14.3.jar:/Users/semereghebrechristos/.m2/repository/io/micrometer/micrometer-jakarta9/1.14.3/micrometer-jakarta9-1.14.3.jar:/Users/semereghebrechristos/.m2/repository/io/micrometer/micrometer-core/1.14.3/micrometer-core-1.14.3.jar:/Users/semereghebrechristos/.m2/repository/org/hdrhistogram/HdrHistogram/2.2.2/HdrHistogram-2.2.2.jar:/Users/semereghebrechristos/.m2/repository/org/latencyutils/LatencyUtils/2.0.3/LatencyUtils-2.0.3.jar:/Users/semereghebrechristos/.m2/repository/org/springframework/boot/spring-boot-starter-data-jpa/3.4.2/spring-boot-starter-data-jpa-3.4.2.jar:/Users/semereghebrechristos/.m2/repository/org/springframework/boot/spring-boot-starter-jdbc/3.4.2/spring-boot-starter-jdbc-3.4.2.jar:/Users/semereghebrechristos/.m2/repository/com/zaxxer/HikariCP/5.1.0/HikariCP-5.1.0.jar:/Users/semereghebrechristos/.m2/repository/org/springframework/spring-jdbc/6.2.2/spring-jdbc-6.2.2.jar:/Users/semereghebrechristos/.m2/repository/org/hibernate/orm/hibernate-core/6.6.5.Final/hibernate-core-6.6.5.Final.jar:/Users/semereghebrechristos/.m2/repository/jakarta/persistence/jakarta.persistence-api/3.1.0/jakarta.persistence-api-3.1.0.jar:/Users/semereghebrechristos/.m2/repository/jakarta/transaction/jakarta.transaction-api/2.0.1/jakarta.transaction-api-2.0.1.jar:/Users/semereghebrechristos/.m2/repository/org/jboss/logging/jboss-logging/3.6.1.Final/jboss-logging-3.6.1.Final.jar:/Users/semereghebrechristos/.m2/repository/org/hibernate/common/hibernate-commons-annotations/7.0.3.Final/hibernate-commons-annotations-7.0.3.Final.jar:/Users/semereghebrechristos/.m2/repository/io/smallrye/jandex/3.2.0/jandex-3.2.0.jar:/Users/semereghebrechristos/.m2/repository/com/fasterxml/classmate/1.7.0/classmate-1.7.0.jar:/Users/semereghebrechristos/.m2/repository/org/glassfish/jaxb/jaxb-runtime/4.0.5/jaxb-runtime-4.0.5.jar:/Users/semereghebrechristos/.m2/repository/org/glassfish/jaxb/jaxb-core/4.0.5/jaxb-core-4.0.5.jar:/Users/semereghebrechristos/.m2/repository/org/eclipse/angus/angus-activation/2.0.2/angus-activation-2.0.2.jar:/Users/semereghebrechristos/.m2/repository/org/glassfish/jaxb/txw2/4.0.5/txw2-4.0.5.jar:/Users/semereghebrechristos/.m2/repository/com/sun/istack/istack-commons-runtime/4.1.2/istack-commons-runtime-4.1.2.jar:/Users/semereghebrechristos/.m2/repository/jakarta/inject/jakarta.inject-api/2.0.1/jakarta.inject-api-2.0.1.jar:/Users/semereghebrechristos/.m2/repository/org/antlr/antlr4-runtime/4.13.0/antlr4-runtime-4.13.0.jar:/Users/semereghebrechristos/.m2/repository/org/springframework/data/spring-data-jpa/3.4.2/spring-data-jpa-3.4.2.jar:/Users/semereghebrechristos/.m2/repository/org/springframework/data/spring-data-commons/3.4.2/spring-data-commons-3.4.2.jar:/Users/semereghebrechristos/.m2/repository/org/springframework/spring-orm/6.2.2/spring-orm-6.2.2.jar:/Users/semereghebrechristos/.m2/repository/org/springframework/spring-context/6.2.2/spring-context-6.2.2.jar:/Users/semereghebrechristos/.m2/repository/org/springframework/spring-aop/6.2.2/spring-aop-6.2.2.jar:/Users/semereghebrechristos/.m2/repository/org/springframework/spring-tx/6.2.2/spring-tx-6.2.2.jar:/Users/semereghebrechristos/.m2/repository/org/springframework/spring-beans/6.2.2/spring-beans-6.2.2.jar:/Users/semereghebrechristos/.m2/repository/org/springframework/spring-aspects/6.2.2/spring-aspects-6.2.2.jar:/Users/semereghebrechristos/.m2/repository/org/aspectj/aspectjweaver/1.9.22.1/aspectjweaver-1.9.22.1.jar:/Users/semereghebrechristos/.m2/repository/org/springframework/boot/spring-boot-starter-validation/3.4.2/spring-boot-starter-validation-3.4.2.jar:/Users/semereghebrechristos/.m2/repository/org/apache/tomcat/embed/tomcat-embed-el/10.1.34/tomcat-embed-el-10.1.34.jar:/Users/semereghebrechristos/.m2/repository/org/hibernate/validator/hibernate-validator/8.0.2.Final/hibernate-validator-8.0.2.Final.jar:/Users/semereghebrechristos/.m2/repository/jakarta/validation/jakarta.validation-api/3.0.2/jakarta.validation-api-3.0.2.jar:/Users/semereghebrechristos/.m2/repository/org/springframework/boot/spring-boot-starter-web/3.4.2/spring-boot-starter-web-3.4.2.jar:/Users/semereghebrechristos/.m2/repository/org/springframework/boot/spring-boot-starter-json/3.4.2/spring-boot-starter-json-3.4.2.jar:/Users/semereghebrechristos/.m2/repository/com/fasterxml/jackson/datatype/jackson-datatype-jdk8/2.18.2/jackson-datatype-jdk8-2.18.2.jar:/Users/semereghebrechristos/.m2/repository/com/fasterxml/jackson/module/jackson-module-parameter-names/2.18.2/jackson-module-parameter-names-2.18.2.jar:/Users/semereghebrechristos/.m2/repository/org/springframework/boot/spring-boot-starter-tomcat/3.4.2/spring-boot-starter-tomcat-3.4.2.jar:/Users/semereghebrechristos/.m2/repository/org/apache/tomcat/embed/tomcat-embed-core/10.1.34/tomcat-embed-core-10.1.34.jar:/Users/semereghebrechristos/.m2/repository/org/apache/tomcat/embed/tomcat-embed-websocket/10.1.34/tomcat-embed-websocket-10.1.34.jar:/Users/semereghebrechristos/.m2/repository/org/springframework/spring-web/6.2.2/spring-web-6.2.2.jar:/Users/semereghebrechristos/.m2/repository/org/springframework/spring-webmvc/6.2.2/spring-webmvc-6.2.2.jar:/Users/semereghebrechristos/.m2/repository/org/springframework/spring-expression/6.2.2/spring-expression-6.2.2.jar:/Users/semereghebrechristos/.m2/repository/org/springframework/boot/spring-boot-starter-test/3.4.2/spring-boot-starter-test-3.4.2.jar:/Users/semereghebrechristos/.m2/repository/org/springframework/boot/spring-boot-test/3.4.2/spring-boot-test-3.4.2.jar:/Users/semereghebrechristos/.m2/repository/org/springframework/boot/spring-boot-test-autoconfigure/3.4.2/spring-boot-test-autoconfigure-3.4.2.jar:/Users/semereghebrechristos/.m2/repository/com/jayway/jsonpath/json-path/2.9.0/json-path-2.9.0.jar:/Users/semereghebrechristos/.m2/repository/jakarta/xml/bind/jakarta.xml.bind-api/4.0.2/jakarta.xml.bind-api-4.0.2.jar:/Users/semereghebrechristos/.m2/repository/jakarta/activation/jakarta.activation-api/2.1.3/jakarta.activation-api-2.1.3.jar:/Users/semereghebrechristos/.m2/repository/net/minidev/json-smart/2.5.1/json-smart-2.5.1.jar:/Users/semereghebrechristos/.m2/repository/net/minidev/accessors-smart/2.5.1/accessors-smart-2.5.1.jar:/Users/semereghebrechristos/.m2/repository/org/ow2/asm/asm/9.6/asm-9.6.jar:/Users/semereghebrechristos/.m2/repository/org/assertj/assertj-core/3.26.3/assertj-core-3.26.3.jar:/Users/semereghebrechristos/.m2/repository/org/awaitility/awaitility/4.2.2/awaitility-4.2.2.jar:/Users/semereghebrechristos/.m2/repository/org/hamcrest/hamcrest/2.2/hamcrest-2.2.jar:/Users/semereghebrechristos/.m2/repository/org/junit/jupiter/junit-jupiter/5.11.4/junit-jupiter-5.11.4.jar:/Users/semereghebrechristos/.m2/repository/org/junit/jupiter/junit-jupiter-params/5.11.4/junit-jupiter-params-5.11.4.jar:/Users/semereghebrechristos/.m2/repository/org/junit/jupiter/junit-jupiter-engine/5.11.4/junit-jupiter-engine-5.11.4.jar:/Users/semereghebrechristos/.m2/repository/org/junit/platform/junit-platform-engine/1.11.4/junit-platform-engine-1.11.4.jar:/Users/semereghebrechristos/.m2/repository/org/skyscreamer/jsonassert/1.5.3/jsonassert-1.5.3.jar:/Users/semereghebrechristos/.m2/repository/com/vaadin/external/google/android-json/0.0.20131108.vaadin1/android-json-0.0.20131108.vaadin1.jar:/Users/semereghebrechristos/.m2/repository/org/springframework/spring-core/6.2.2/spring-core-6.2.2.jar:/Users/semereghebrechristos/.m2/repository/org/springframework/spring-jcl/6.2.2/spring-jcl-6.2.2.jar:/Users/semereghebrechristos/.m2/repository/org/springframework/spring-test/6.2.2/spring-test-6.2.2.jar:/Users/semereghebrechristos/.m2/repository/org/xmlunit/xmlunit-core/2.10.0/xmlunit-core-2.10.0.jar:/Users/semereghebrechristos/.m2/repository/org/mockito/mockito-core/5.14.2/mockito-core-5.14.2.jar:/Users/semereghebrechristos/.m2/repository/net/bytebuddy/byte-buddy/1.15.11/byte-buddy-1.15.11.jar:/Users/semereghebrechristos/.m2/repository/net/bytebuddy/byte-buddy-agent/1.15.11/byte-buddy-agent-1.15.11.jar:/Users/semereghebrechristos/.m2/repository/org/objenesis/objenesis/3.3/objenesis-3.3.jar:/Users/semereghebrechristos/.m2/repository/org/mockito/mockito-junit-jupiter/5.14.2/mockito-junit-jupiter-5.14.2.jar:/Users/semereghebrechristos/.m2/repository/org/junit/jupiter/junit-jupiter-api/5.11.4/junit-jupiter-api-5.11.4.jar:/Users/semereghebrechristos/.m2/repository/org/opentest4j/opentest4j/1.3.0/opentest4j-1.3.0.jar:/Users/semereghebrechristos/.m2/repository/org/junit/platform/junit-platform-commons/1.11.4/junit-platform-commons-1.11.4.jar:/Users/semereghebrechristos/.m2/repository/org/apiguardian/apiguardian-api/1.1.2/apiguardian-api-1.1.2.jar:/Users/semereghebrechristos/.m2/repository/org/springframework/security/spring-security-test/6.4.2/spring-security-test-6.4.2.jar:/Users/semereghebrechristos/.m2/repository/org/springframework/security/spring-security-core/6.4.2/spring-security-core-6.4.2.jar:/Users/semereghebrechristos/.m2/repository/org/springframework/security/spring-security-crypto/6.4.2/spring-security-crypto-6.4.2.jar:/Users/semereghebrechristos/.m2/repository/org/springframework/security/spring-security-web/6.4.2/spring-security-web-6.4.2.jar:/Users/semereghebrechristos/.m2/repository/com/h2database/h2/2.3.232/h2-2.3.232.jar:/Users/semereghebrechristos/.m2/repository/org/postgresql/postgresql/42.7.5/postgresql-42.7.5.jar:/Users/semereghebrechristos/.m2/repository/org/checkerframework/checker-qual/3.48.3/checker-qual-3.48.3.jar:/Users/semereghebrechristos/.m2/repository/org/projectlombok/lombok/1.18.36/lombok-1.18.36.jar:/Users/semereghebrechristos/.m2/repository/junit/junit/4.13.2/junit-4.13.2.jar:/Users/semereghebrechristos/.m2/repository/org/hamcrest/hamcrest-core/2.2/hamcrest-core-2.2.jar:/Users/semereghebrechristos/.m2/repository/org/testcontainers/testcontainers/1.20.4/testcontainers-1.20.4.jar:/Users/semereghebrechristos/.m2/repository/org/slf4j/slf4j-api/2.0.16/slf4j-api-2.0.16.jar:/Users/semereghebrechristos/.m2/repository/org/apache/commons/commons-compress/1.24.0/commons-compress-1.24.0.jar:/Users/semereghebrechristos/.m2/repository/org/rnorth/duct-tape/duct-tape/1.0.8/duct-tape-1.0.8.jar:/Users/semereghebrechristos/.m2/repository/org/jetbrains/annotations/17.0.0/annotations-17.0.0.jar:/Users/semereghebrechristos/.m2/repository/com/github/docker-java/docker-java-api/3.4.0/docker-java-api-3.4.0.jar:/Users/semereghebrechristos/.m2/repository/com/fasterxml/jackson/core/jackson-annotations/2.18.2/jackson-annotations-2.18.2.jar:/Users/semereghebrechristos/.m2/repository/com/github/docker-java/docker-java-transport-zerodep/3.4.0/docker-java-transport-zerodep-3.4.0.jar:/Users/semereghebrechristos/.m2/repository/com/github/docker-java/docker-java-transport/3.4.0/docker-java-transport-3.4.0.jar:/Users/semereghebrechristos/.m2/repository/net/java/dev/jna/jna/5.13.0/jna-5.13.0.jar:/Users/semereghebrechristos/.m2/repository/org/springdoc/springdoc-openapi-starter-webmvc-ui/2.8.4/springdoc-openapi-starter-webmvc-ui-2.8.4.jar:/Users/semereghebrechristos/.m2/repository/org/springdoc/springdoc-openapi-starter-webmvc-api/2.8.4/springdoc-openapi-starter-webmvc-api-2.8.4.jar:/Users/semereghebrechristos/.m2/repository/org/springdoc/springdoc-openapi-starter-common/2.8.4/springdoc-openapi-starter-common-2.8.4.jar:/Users/semereghebrechristos/.m2/repository/io/swagger/core/v3/swagger-core-jakarta/2.2.28/swagger-core-jakarta-2.2.28.jar:/Users/semereghebrechristos/.m2/repository/org/apache/commons/commons-lang3/3.17.0/commons-lang3-3.17.0.jar:/Users/semereghebrechristos/.m2/repository/io/swagger/core/v3/swagger-annotations-jakarta/2.2.28/swagger-annotations-jakarta-2.2.28.jar:/Users/semereghebrechristos/.m2/repository/io/swagger/core/v3/swagger-models-jakarta/2.2.28/swagger-models-jakarta-2.2.28.jar:/Users/semereghebrechristos/.m2/repository/com/fasterxml/jackson/dataformat/jackson-dataformat-yaml/2.18.2/jackson-dataformat-yaml-2.18.2.jar:/Users/semereghebrechristos/.m2/repository/org/webjars/swagger-ui/5.18.2/swagger-ui-5.18.2.jar:/Users/semereghebrechristos/.m2/repository/org/webjars/webjars-locator-lite/1.0.1/webjars-locator-lite-1.0.1.jar:/Users/semereghebrechristos/.m2/repository/org/jspecify/jspecify/1.0.0/jspecify-1.0.0.jar:/Users/semereghebrechristos/.m2/repository/org/testcontainers/postgresql/1.20.4/postgresql-1.20.4.jar:/Users/semereghebrechristos/.m2/repository/org/testcontainers/jdbc/1.20.4/jdbc-1.20.4.jar:/Users/semereghebrechristos/.m2/repository/org/testcontainers/database-commons/1.20.4/database-commons-1.20.4.jar:"/>
    <property name="java.vm.vendor" value="Amazon.com Inc."/>
    <property name="sun.arch.data.model" value="64"/>
    <property name="java.vendor.url" value="https://aws.amazon.com/corretto/"/>
    <property name="catalina.useNaming" value="false"/>
    <property name="user.timezone" value="America/Denver"/>
    <property name="org.jboss.logging.provider" value="slf4j"/>
    <property name="os.name" value="Mac OS X"/>
    <property name="java.vm.specification.version" value="17"/>
    <property name="sun.java.launcher" value="SUN_STANDARD"/>
    <property name="user.country" value="US"/>
    <property name="sun.boot.library.path" value="/Users/semereghebrechristos/.sdkman/candidates/java/17.0.13-amzn/lib"/>
    <property name="sun.java.command" value="/Users/semereghebrechristos/Documents/banking-api/target/surefire/surefirebooter-20250210110242894_3.jar /Users/semereghebrechristos/Documents/banking-api/target/surefire 2025-02-10T11-02-42_861-jvmRun1 surefire-20250210110242894_1tmp surefire_0-20250210110242894_2tmp"/>
    <property name="http.nonProxyHosts" value="local|*.local|169.254/16|*.169.254/16"/>
    <property name="jdk.debug" value="release"/>
    <property name="surefire.test.class.path" value="/Users/semereghebrechristos/Documents/banking-api/target/test-classes:/Users/semereghebrechristos/Documents/banking-api/target/classes:/Users/semereghebrechristos/.m2/repository/org/springframework/boot/spring-boot-starter-actuator/3.4.2/spring-boot-starter-actuator-3.4.2.jar:/Users/semereghebrechristos/.m2/repository/org/springframework/boot/spring-boot-starter/3.4.2/spring-boot-starter-3.4.2.jar:/Users/semereghebrechristos/.m2/repository/org/springframework/boot/spring-boot/3.4.2/spring-boot-3.4.2.jar:/Users/semereghebrechristos/.m2/repository/org/springframework/boot/spring-boot-autoconfigure/3.4.2/spring-boot-autoconfigure-3.4.2.jar:/Users/semereghebrechristos/.m2/repository/org/springframework/boot/spring-boot-starter-logging/3.4.2/spring-boot-starter-logging-3.4.2.jar:/Users/semereghebrechristos/.m2/repository/ch/qos/logback/logback-classic/1.5.16/logback-classic-1.5.16.jar:/Users/semereghebrechristos/.m2/repository/ch/qos/logback/logback-core/1.5.16/logback-core-1.5.16.jar:/Users/semereghebrechristos/.m2/repository/org/apache/logging/log4j/log4j-to-slf4j/2.24.3/log4j-to-slf4j-2.24.3.jar:/Users/semereghebrechristos/.m2/repository/org/apache/logging/log4j/log4j-api/2.24.3/log4j-api-2.24.3.jar:/Users/semereghebrechristos/.m2/repository/org/slf4j/jul-to-slf4j/2.0.16/jul-to-slf4j-2.0.16.jar:/Users/semereghebrechristos/.m2/repository/jakarta/annotation/jakarta.annotation-api/2.1.1/jakarta.annotation-api-2.1.1.jar:/Users/semereghebrechristos/.m2/repository/org/yaml/snakeyaml/2.3/snakeyaml-2.3.jar:/Users/semereghebrechristos/.m2/repository/org/springframework/boot/spring-boot-actuator-autoconfigure/3.4.2/spring-boot-actuator-autoconfigure-3.4.2.jar:/Users/semereghebrechristos/.m2/repository/org/springframework/boot/spring-boot-actuator/3.4.2/spring-boot-actuator-3.4.2.jar:/Users/semereghebrechristos/.m2/repository/com/fasterxml/jackson/core/jackson-databind/2.18.2/jackson-databind-2.18.2.jar:/Users/semereghebrechristos/.m2/repository/com/fasterxml/jackson/core/jackson-core/2.18.2/jackson-core-2.18.2.jar:/Users/semereghebrechristos/.m2/repository/com/fasterxml/jackson/datatype/jackson-datatype-jsr310/2.18.2/jackson-datatype-jsr310-2.18.2.jar:/Users/semereghebrechristos/.m2/repository/io/micrometer/micrometer-observation/1.14.3/micrometer-observation-1.14.3.jar:/Users/semereghebrechristos/.m2/repository/io/micrometer/micrometer-commons/1.14.3/micrometer-commons-1.14.3.jar:/Users/semereghebrechristos/.m2/repository/io/micrometer/micrometer-jakarta9/1.14.3/micrometer-jakarta9-1.14.3.jar:/Users/semereghebrechristos/.m2/repository/io/micrometer/micrometer-core/1.14.3/micrometer-core-1.14.3.jar:/Users/semereghebrechristos/.m2/repository/org/hdrhistogram/HdrHistogram/2.2.2/HdrHistogram-2.2.2.jar:/Users/semereghebrechristos/.m2/repository/org/latencyutils/LatencyUtils/2.0.3/LatencyUtils-2.0.3.jar:/Users/semereghebrechristos/.m2/repository/org/springframework/boot/spring-boot-starter-data-jpa/3.4.2/spring-boot-starter-data-jpa-3.4.2.jar:/Users/semereghebrechristos/.m2/repository/org/springframework/boot/spring-boot-starter-jdbc/3.4.2/spring-boot-starter-jdbc-3.4.2.jar:/Users/semereghebrechristos/.m2/repository/com/zaxxer/HikariCP/5.1.0/HikariCP-5.1.0.jar:/Users/semereghebrechristos/.m2/repository/org/springframework/spring-jdbc/6.2.2/spring-jdbc-6.2.2.jar:/Users/semereghebrechristos/.m2/repository/org/hibernate/orm/hibernate-core/6.6.5.Final/hibernate-core-6.6.5.Final.jar:/Users/semereghebrechristos/.m2/repository/jakarta/persistence/jakarta.persistence-api/3.1.0/jakarta.persistence-api-3.1.0.jar:/Users/semereghebrechristos/.m2/repository/jakarta/transaction/jakarta.transaction-api/2.0.1/jakarta.transaction-api-2.0.1.jar:/Users/semereghebrechristos/.m2/repository/org/jboss/logging/jboss-logging/3.6.1.Final/jboss-logging-3.6.1.Final.jar:/Users/semereghebrechristos/.m2/repository/org/hibernate/common/hibernate-commons-annotations/7.0.3.Final/hibernate-commons-annotations-7.0.3.Final.jar:/Users/semereghebrechristos/.m2/repository/io/smallrye/jandex/3.2.0/jandex-3.2.0.jar:/Users/semereghebrechristos/.m2/repository/com/fasterxml/classmate/1.7.0/classmate-1.7.0.jar:/Users/semereghebrechristos/.m2/repository/org/glassfish/jaxb/jaxb-runtime/4.0.5/jaxb-runtime-4.0.5.jar:/Users/semereghebrechristos/.m2/repository/org/glassfish/jaxb/jaxb-core/4.0.5/jaxb-core-4.0.5.jar:/Users/semereghebrechristos/.m2/repository/org/eclipse/angus/angus-activation/2.0.2/angus-activation-2.0.2.jar:/Users/semereghebrechristos/.m2/repository/org/glassfish/jaxb/txw2/4.0.5/txw2-4.0.5.jar:/Users/semereghebrechristos/.m2/repository/com/sun/istack/istack-commons-runtime/4.1.2/istack-commons-runtime-4.1.2.jar:/Users/semereghebrechristos/.m2/repository/jakarta/inject/jakarta.inject-api/2.0.1/jakarta.inject-api-2.0.1.jar:/Users/semereghebrechristos/.m2/repository/org/antlr/antlr4-runtime/4.13.0/antlr4-runtime-4.13.0.jar:/Users/semereghebrechristos/.m2/repository/org/springframework/data/spring-data-jpa/3.4.2/spring-data-jpa-3.4.2.jar:/Users/semereghebrechristos/.m2/repository/org/springframework/data/spring-data-commons/3.4.2/spring-data-commons-3.4.2.jar:/Users/semereghebrechristos/.m2/repository/org/springframework/spring-orm/6.2.2/spring-orm-6.2.2.jar:/Users/semereghebrechristos/.m2/repository/org/springframework/spring-context/6.2.2/spring-context-6.2.2.jar:/Users/semereghebrechristos/.m2/repository/org/springframework/spring-aop/6.2.2/spring-aop-6.2.2.jar:/Users/semereghebrechristos/.m2/repository/org/springframework/spring-tx/6.2.2/spring-tx-6.2.2.jar:/Users/semereghebrechristos/.m2/repository/org/springframework/spring-beans/6.2.2/spring-beans-6.2.2.jar:/Users/semereghebrechristos/.m2/repository/org/springframework/spring-aspects/6.2.2/spring-aspects-6.2.2.jar:/Users/semereghebrechristos/.m2/repository/org/aspectj/aspectjweaver/1.9.22.1/aspectjweaver-1.9.22.1.jar:/Users/semereghebrechristos/.m2/repository/org/springframework/boot/spring-boot-starter-validation/3.4.2/spring-boot-starter-validation-3.4.2.jar:/Users/semereghebrechristos/.m2/repository/org/apache/tomcat/embed/tomcat-embed-el/10.1.34/tomcat-embed-el-10.1.34.jar:/Users/semereghebrechristos/.m2/repository/org/hibernate/validator/hibernate-validator/8.0.2.Final/hibernate-validator-8.0.2.Final.jar:/Users/semereghebrechristos/.m2/repository/jakarta/validation/jakarta.validation-api/3.0.2/jakarta.validation-api-3.0.2.jar:/Users/semereghebrechristos/.m2/repository/org/springframework/boot/spring-boot-starter-web/3.4.2/spring-boot-starter-web-3.4.2.jar:/Users/semereghebrechristos/.m2/repository/org/springframework/boot/spring-boot-starter-json/3.4.2/spring-boot-starter-json-3.4.2.jar:/Users/semereghebrechristos/.m2/repository/com/fasterxml/jackson/datatype/jackson-datatype-jdk8/2.18.2/jackson-datatype-jdk8-2.18.2.jar:/Users/semereghebrechristos/.m2/repository/com/fasterxml/jackson/module/jackson-module-parameter-names/2.18.2/jackson-module-parameter-names-2.18.2.jar:/Users/semereghebrechristos/.m2/repository/org/springframework/boot/spring-boot-starter-tomcat/3.4.2/spring-boot-starter-tomcat-3.4.2.jar:/Users/semereghebrechristos/.m2/repository/org/apache/tomcat/embed/tomcat-embed-core/10.1.34/tomcat-embed-core-10.1.34.jar:/Users/semereghebrechristos/.m2/repository/org/apache/tomcat/embed/tomcat-embed-websocket/10.1.34/tomcat-embed-websocket-10.1.34.jar:/Users/semereghebrechristos/.m2/repository/org/springframework/spring-web/6.2.2/spring-web-6.2.2.jar:/Users/semereghebrechristos/.m2/repository/org/springframework/spring-webmvc/6.2.2/spring-webmvc-6.2.2.jar:/Users/semereghebrechristos/.m2/repository/org/springframework/spring-expression/6.2.2/spring-expression-6.2.2.jar:/Users/semereghebrechristos/.m2/repository/org/springframework/boot/spring-boot-starter-test/3.4.2/spring-boot-starter-test-3.4.2.jar:/Users/semereghebrechristos/.m2/repository/org/springframework/boot/spring-boot-test/3.4.2/spring-boot-test-3.4.2.jar:/Users/semereghebrechristos/.m2/repository/org/springframework/boot/spring-boot-test-autoconfigure/3.4.2/spring-boot-test-autoconfigure-3.4.2.jar:/Users/semereghebrechristos/.m2/repository/com/jayway/jsonpath/json-path/2.9.0/json-path-2.9.0.jar:/Users/semereghebrechristos/.m2/repository/jakarta/xml/bind/jakarta.xml.bind-api/4.0.2/jakarta.xml.bind-api-4.0.2.jar:/Users/semereghebrechristos/.m2/repository/jakarta/activation/jakarta.activation-api/2.1.3/jakarta.activation-api-2.1.3.jar:/Users/semereghebrechristos/.m2/repository/net/minidev/json-smart/2.5.1/json-smart-2.5.1.jar:/Users/semereghebrechristos/.m2/repository/net/minidev/accessors-smart/2.5.1/accessors-smart-2.5.1.jar:/Users/semereghebrechristos/.m2/repository/org/ow2/asm/asm/9.6/asm-9.6.jar:/Users/semereghebrechristos/.m2/repository/org/assertj/assertj-core/3.26.3/assertj-core-3.26.3.jar:/Users/semereghebrechristos/.m2/repository/org/awaitility/awaitility/4.2.2/awaitility-4.2.2.jar:/Users/semereghebrechristos/.m2/repository/org/hamcrest/hamcrest/2.2/hamcrest-2.2.jar:/Users/semereghebrechristos/.m2/repository/org/junit/jupiter/junit-jupiter/5.11.4/junit-jupiter-5.11.4.jar:/Users/semereghebrechristos/.m2/repository/org/junit/jupiter/junit-jupiter-params/5.11.4/junit-jupiter-params-5.11.4.jar:/Users/semereghebrechristos/.m2/repository/org/junit/jupiter/junit-jupiter-engine/5.11.4/junit-jupiter-engine-5.11.4.jar:/Users/semereghebrechristos/.m2/repository/org/junit/platform/junit-platform-engine/1.11.4/junit-platform-engine-1.11.4.jar:/Users/semereghebrechristos/.m2/repository/org/skyscreamer/jsonassert/1.5.3/jsonassert-1.5.3.jar:/Users/semereghebrechristos/.m2/repository/com/vaadin/external/google/android-json/0.0.20131108.vaadin1/android-json-0.0.20131108.vaadin1.jar:/Users/semereghebrechristos/.m2/repository/org/springframework/spring-core/6.2.2/spring-core-6.2.2.jar:/Users/semereghebrechristos/.m2/repository/org/springframework/spring-jcl/6.2.2/spring-jcl-6.2.2.jar:/Users/semereghebrechristos/.m2/repository/org/springframework/spring-test/6.2.2/spring-test-6.2.2.jar:/Users/semereghebrechristos/.m2/repository/org/xmlunit/xmlunit-core/2.10.0/xmlunit-core-2.10.0.jar:/Users/semereghebrechristos/.m2/repository/org/mockito/mockito-core/5.14.2/mockito-core-5.14.2.jar:/Users/semereghebrechristos/.m2/repository/net/bytebuddy/byte-buddy/1.15.11/byte-buddy-1.15.11.jar:/Users/semereghebrechristos/.m2/repository/net/bytebuddy/byte-buddy-agent/1.15.11/byte-buddy-agent-1.15.11.jar:/Users/semereghebrechristos/.m2/repository/org/objenesis/objenesis/3.3/objenesis-3.3.jar:/Users/semereghebrechristos/.m2/repository/org/mockito/mockito-junit-jupiter/5.14.2/mockito-junit-jupiter-5.14.2.jar:/Users/semereghebrechristos/.m2/repository/org/junit/jupiter/junit-jupiter-api/5.11.4/junit-jupiter-api-5.11.4.jar:/Users/semereghebrechristos/.m2/repository/org/opentest4j/opentest4j/1.3.0/opentest4j-1.3.0.jar:/Users/semereghebrechristos/.m2/repository/org/junit/platform/junit-platform-commons/1.11.4/junit-platform-commons-1.11.4.jar:/Users/semereghebrechristos/.m2/repository/org/apiguardian/apiguardian-api/1.1.2/apiguardian-api-1.1.2.jar:/Users/semereghebrechristos/.m2/repository/org/springframework/security/spring-security-test/6.4.2/spring-security-test-6.4.2.jar:/Users/semereghebrechristos/.m2/repository/org/springframework/security/spring-security-core/6.4.2/spring-security-core-6.4.2.jar:/Users/semereghebrechristos/.m2/repository/org/springframework/security/spring-security-crypto/6.4.2/spring-security-crypto-6.4.2.jar:/Users/semereghebrechristos/.m2/repository/org/springframework/security/spring-security-web/6.4.2/spring-security-web-6.4.2.jar:/Users/semereghebrechristos/.m2/repository/com/h2database/h2/2.3.232/h2-2.3.232.jar:/Users/semereghebrechristos/.m2/repository/org/postgresql/postgresql/42.7.5/postgresql-42.7.5.jar:/Users/semereghebrechristos/.m2/repository/org/checkerframework/checker-qual/3.48.3/checker-qual-3.48.3.jar:/Users/semereghebrechristos/.m2/repository/org/projectlombok/lombok/1.18.36/lombok-1.18.36.jar:/Users/semereghebrechristos/.m2/repository/junit/junit/4.13.2/junit-4.13.2.jar:/Users/semereghebrechristos/.m2/repository/org/hamcrest/hamcrest-core/2.2/hamcrest-core-2.2.jar:/Users/semereghebrechristos/.m2/repository/org/testcontainers/testcontainers/1.20.4/testcontainers-1.20.4.jar:/Users/semereghebrechristos/.m2/repository/org/slf4j/slf4j-api/2.0.16/slf4j-api-2.0.16.jar:/Users/semereghebrechristos/.m2/repository/org/apache/commons/commons-compress/1.24.0/commons-compress-1.24.0.jar:/Users/semereghebrechristos/.m2/repository/org/rnorth/duct-tape/duct-tape/1.0.8/duct-tape-1.0.8.jar:/Users/semereghebrechristos/.m2/repository/org/jetbrains/annotations/17.0.0/annotations-17.0.0.jar:/Users/semereghebrechristos/.m2/repository/com/github/docker-java/docker-java-api/3.4.0/docker-java-api-3.4.0.jar:/Users/semereghebrechristos/.m2/repository/com/fasterxml/jackson/core/jackson-annotations/2.18.2/jackson-annotations-2.18.2.jar:/Users/semereghebrechristos/.m2/repository/com/github/docker-java/docker-java-transport-zerodep/3.4.0/docker-java-transport-zerodep-3.4.0.jar:/Users/semereghebrechristos/.m2/repository/com/github/docker-java/docker-java-transport/3.4.0/docker-java-transport-3.4.0.jar:/Users/semereghebrechristos/.m2/repository/net/java/dev/jna/jna/5.13.0/jna-5.13.0.jar:/Users/semereghebrechristos/.m2/repository/org/springdoc/springdoc-openapi-starter-webmvc-ui/2.8.4/springdoc-openapi-starter-webmvc-ui-2.8.4.jar:/Users/semereghebrechristos/.m2/repository/org/springdoc/springdoc-openapi-starter-webmvc-api/2.8.4/springdoc-openapi-starter-webmvc-api-2.8.4.jar:/Users/semereghebrechristos/.m2/repository/org/springdoc/springdoc-openapi-starter-common/2.8.4/springdoc-openapi-starter-common-2.8.4.jar:/Users/semereghebrechristos/.m2/repository/io/swagger/core/v3/swagger-core-jakarta/2.2.28/swagger-core-jakarta-2.2.28.jar:/Users/semereghebrechristos/.m2/repository/org/apache/commons/commons-lang3/3.17.0/commons-lang3-3.17.0.jar:/Users/semereghebrechristos/.m2/repository/io/swagger/core/v3/swagger-annotations-jakarta/2.2.28/swagger-annotations-jakarta-2.2.28.jar:/Users/semereghebrechristos/.m2/repository/io/swagger/core/v3/swagger-models-jakarta/2.2.28/swagger-models-jakarta-2.2.28.jar:/Users/semereghebrechristos/.m2/repository/com/fasterxml/jackson/dataformat/jackson-dataformat-yaml/2.18.2/jackson-dataformat-yaml-2.18.2.jar:/Users/semereghebrechristos/.m2/repository/org/webjars/swagger-ui/5.18.2/swagger-ui-5.18.2.jar:/Users/semereghebrechristos/.m2/repository/org/webjars/webjars-locator-lite/1.0.1/webjars-locator-lite-1.0.1.jar:/Users/semereghebrechristos/.m2/repository/org/jspecify/jspecify/1.0.0/jspecify-1.0.0.jar:/Users/semereghebrechristos/.m2/repository/org/testcontainers/postgresql/1.20.4/postgresql-1.20.4.jar:/Users/semereghebrechristos/.m2/repository/org/testcontainers/jdbc/1.20.4/jdbc-1.20.4.jar:/Users/semereghebrechristos/.m2/repository/org/testcontainers/database-commons/1.20.4/database-commons-1.20.4.jar:"/>
    <property name="sun.cpu.endian" value="little"/>
    <property name="user.home" value="/Users/semereghebrechristos"/>
    <property name="user.language" value="en"/>
    <property name="java.specification.vendor" value="Oracle Corporation"/>
    <property name="java.version.date" value="2024-10-15"/>
    <property name="java.home" value="/Users/semereghebrechristos/.sdkman/candidates/java/17.0.13-amzn"/>
    <property name="file.separator" value="/"/>
    <property name="basedir" value="/Users/semereghebrechristos/Documents/banking-api"/>
    <property name="java.vm.compressedOopsMode" value="Zero based"/>
    <property name="line.separator" value="&#10;"/>
    <property name="java.vm.specification.vendor" value="Oracle Corporation"/>
    <property name="java.specification.name" value="Java Platform API Specification"/>
    <property name="FILE_LOG_CHARSET" value="UTF-8"/>
    <property name="java.awt.headless" value="true"/>
    <property name="surefire.real.class.path" value="/Users/semereghebrechristos/Documents/banking-api/target/surefire/surefirebooter-20250210110242894_3.jar"/>
    <property name="sun.management.compiler" value="HotSpot 64-Bit Tiered Compilers"/>
    <property name="ftp.nonProxyHosts" value="local|*.local|169.254/16|*.169.254/16"/>
    <property name="java.runtime.version" value="17.0.13+11-LTS"/>
    <property name="user.name" value="semereghebrechristos"/>
    <property name="path.separator" value=":"/>
    <property name="os.version" value="14.5"/>
    <property name="java.runtime.name" value="OpenJDK Runtime Environment"/>
    <property name="file.encoding" value="UTF-8"/>
    <property name="java.vm.name" value="OpenJDK 64-Bit Server VM"/>
    <property name="java.vendor.version" value="Corretto-17.0.13.11.1"/>
    <property name="localRepository" value="/Users/semereghebrechristos/.m2/repository"/>
    <property name="java.vendor.url.bug" value="https://github.com/corretto/corretto-17/issues/"/>
    <property name="java.io.tmpdir" value="/var/folders/rw/zvjs1rmn71b5fv2zf9ltgczr0000gn/T/"/>
    <property name="catalina.home" value="/private/var/folders/rw/zvjs1rmn71b5fv2zf9ltgczr0000gn/T/tomcat.0.5242488023110982225"/>
    <property name="com.zaxxer.hikari.pool_number" value="1"/>
    <property name="java.version" value="17.0.13"/>
    <property name="user.dir" value="/Users/semereghebrechristos/Documents/banking-api"/>
    <property name="os.arch" value="aarch64"/>
    <property name="java.vm.specification.name" value="Java Virtual Machine Specification"/>
    <property name="PID" value="37901"/>
    <property name="CONSOLE_LOG_CHARSET" value="UTF-8"/>
    <property name="catalina.base" value="/private/var/folders/rw/zvjs1rmn71b5fv2zf9ltgczr0000gn/T/tomcat.0.5242488023110982225"/>
    <property name="native.encoding" value="UTF-8"/>
    <property name="java.library.path" value="/Users/semereghebrechristos/Library/Java/Extensions:/Library/Java/Extensions:/Network/Library/Java/Extensions:/System/Library/Java/Extensions:/usr/lib/java:."/>
    <property name="java.vm.info" value="mixed mode, sharing"/>
    <property name="java.vendor" value="Amazon.com Inc."/>
    <property name="java.vm.version" value="17.0.13+11-LTS"/>
    <property name="java.specification.maintenance.version" value="1"/>
    <property name="sun.io.unicode.encoding" value="UnicodeBig"/>
    <property name="socksNonProxyHosts" value="local|*.local|169.254/16|*.169.254/16"/>
    <property name="java.class.version" value="61.0"/>
  </properties>
  <testcase name="testCreateAccount_Success" classname="com.bank.api.integration.AccountIntegrationTest" time="0.134">
    <system-out><![CDATA[11:02:43.699 [main] INFO org.springframework.test.context.support.AnnotationConfigContextLoaderUtils -- Could not detect default configuration classes for test class [com.bank.api.integration.AccountIntegrationTest]: AccountIntegrationTest does not declare any static, non-private, non-final, nested classes annotated with @Configuration.
11:02:43.736 [main] INFO org.springframework.boot.test.context.SpringBootTestContextBootstrapper -- Found @SpringBootConfiguration com.bank.api.BankApiApplication for test class com.bank.api.integration.AccountIntegrationTest
11:02:43.785 [main] INFO org.testcontainers.images.PullPolicy -- Image pull policy will be performed by: DefaultPullPolicy()
11:02:43.786 [main] INFO org.testcontainers.utility.ImageNameSubstitutor -- Image name substitution will be performed by: DefaultImageNameSubstitutor (composite of 'ConfigurationFileImageNameSubstitutor' and 'PrefixingImageNameSubstitutor')
11:02:43.788 [main] INFO org.testcontainers.DockerClientFactory -- Testcontainers version: 1.20.4
11:02:43.874 [main] INFO org.testcontainers.dockerclient.DockerClientProviderStrategy -- Loaded org.testcontainers.dockerclient.UnixSocketClientProviderStrategy from ~/.testcontainers.properties, will try it first
11:02:43.974 [main] INFO org.testcontainers.dockerclient.DockerClientProviderStrategy -- Found Docker environment with local Unix socket (unix:///var/run/docker.sock)
11:02:43.975 [main] INFO org.testcontainers.DockerClientFactory -- Docker host IP address is localhost
11:02:43.987 [main] INFO org.testcontainers.DockerClientFactory -- Connected to docker: 
  Server Version: 27.5.1
  API Version: 1.47
  Operating System: Docker Desktop
  Total Memory: 7836 MB
  Labels: 
    com.docker.desktop.address=unix:///Users/semereghebrechristos/Library/Containers/com.docker.docker/Data/docker-cli.sock
11:02:44.036 [main] INFO tc.testcontainers/ryuk:0.11.0 -- Creating container for image: testcontainers/ryuk:0.11.0
11:02:44.169 [main] INFO tc.testcontainers/ryuk:0.11.0 -- Container testcontainers/ryuk:0.11.0 is starting: 23945b03ad5991bf4eb866430818f04fa65e088ebe7bb4862c79266bfaef5afb
11:02:44.306 [main] INFO tc.testcontainers/ryuk:0.11.0 -- Container testcontainers/ryuk:0.11.0 started in PT0.270439S
11:02:44.309 [main] INFO org.testcontainers.utility.RyukResourceReaper -- Ryuk started - will monitor and terminate Testcontainers containers on JVM exit
11:02:44.309 [main] INFO org.testcontainers.DockerClientFactory -- Checking the system...
11:02:44.309 [main] INFO org.testcontainers.DockerClientFactory -- ✔︎ Docker server version should be at least 1.6.0
11:02:44.310 [main] INFO tc.postgres:15 -- Creating container for image: postgres:15
11:02:44.337 [main] INFO tc.postgres:15 -- Container postgres:15 is starting: 2f835b686ce7639a42b5012860902eb695cbb237f48bbbe82007800496f3f2b4
11:02:44.975 [main] INFO tc.postgres:15 -- Container postgres:15 started in PT0.665667S
11:02:44.976 [main] INFO tc.postgres:15 -- Container is started (JDBC URL: jdbc:postgresql://localhost:62274/testdb?loggerLevel=OFF)

  .   ____          _            __ _ _
 /\\ / ___'_ __ _ _(_)_ __  __ _ \ \ \ \
( ( )\___ | '_ | '_| | '_ \/ _` | \ \ \ \
 \\/  ___)| |_)| | | | | || (_| |  ) ) ) )
  '  |____| .__|_| |_|_| |_\__, | / / / /
 =========|_|==============|___/=/_/_/_/

 :: Spring Boot ::                (v3.4.2)

2025-02-10T11:02:45.119-07:00  INFO 37901 --- [           main] c.b.a.i.AccountIntegrationTest           : Starting AccountIntegrationTest using Java 17.0.13 with PID 37901 (started by semereghebrechristos in /Users/semereghebrechristos/Documents/banking-api)
2025-02-10T11:02:45.122-07:00  INFO 37901 --- [           main] c.b.a.i.AccountIntegrationTest           : No active profile set, falling back to 1 default profile: "default"
2025-02-10T11:02:45.420-07:00  INFO 37901 --- [           main] .s.d.r.c.RepositoryConfigurationDelegate : Bootstrapping Spring Data JPA repositories in DEFAULT mode.
2025-02-10T11:02:45.436-07:00  INFO 37901 --- [           main] .s.d.r.c.RepositoryConfigurationDelegate : Finished Spring Data repository scanning in 13 ms. Found 3 JPA repository interfaces.
2025-02-10T11:02:45.678-07:00  INFO 37901 --- [           main] o.s.b.w.embedded.tomcat.TomcatWebServer  : Tomcat initialized with port 0 (http)
2025-02-10T11:02:45.682-07:00  INFO 37901 --- [           main] o.apache.catalina.core.StandardService   : Starting service [Tomcat]
2025-02-10T11:02:45.682-07:00  INFO 37901 --- [           main] o.apache.catalina.core.StandardEngine    : Starting Servlet engine: [Apache Tomcat/10.1.34]
2025-02-10T11:02:45.701-07:00  INFO 37901 --- [           main] o.a.c.c.C.[Tomcat].[localhost].[/]       : Initializing Spring embedded WebApplicationContext
2025-02-10T11:02:45.701-07:00  INFO 37901 --- [           main] w.s.c.ServletWebServerApplicationContext : Root WebApplicationContext: initialization completed in 575 ms
2025-02-10T11:02:45.806-07:00  INFO 37901 --- [           main] o.hibernate.jpa.internal.util.LogHelper  : HHH000204: Processing PersistenceUnitInfo [name: default]
2025-02-10T11:02:45.825-07:00  INFO 37901 --- [           main] org.hibernate.Version                    : HHH000412: Hibernate ORM core version 6.6.5.Final
2025-02-10T11:02:45.836-07:00  INFO 37901 --- [           main] o.h.c.internal.RegionFactoryInitiator    : HHH000026: Second-level cache disabled
2025-02-10T11:02:45.873-07:00  INFO 37901 --- [           main] o.s.o.j.p.SpringPersistenceUnitInfo      : No LoadTimeWeaver setup: ignoring JPA class transformer
2025-02-10T11:02:45.882-07:00  INFO 37901 --- [           main] com.zaxxer.hikari.HikariDataSource       : HikariPool-1 - Starting...
2025-02-10T11:02:45.955-07:00  INFO 37901 --- [           main] com.zaxxer.hikari.pool.HikariPool        : HikariPool-1 - Added connection org.postgresql.jdbc.PgConnection@47bcd95a
2025-02-10T11:02:45.955-07:00  INFO 37901 --- [           main] com.zaxxer.hikari.HikariDataSource       : HikariPool-1 - Start completed.
2025-02-10T11:02:45.968-07:00  WARN 37901 --- [           main] org.hibernate.orm.deprecation            : HHH90000025: PostgreSQLDialect does not need to be specified explicitly using 'hibernate.dialect' (remove the property setting and it will be selected by default)
2025-02-10T11:02:45.976-07:00  INFO 37901 --- [           main] org.hibernate.orm.connections.pooling    : HHH10001005: Database info:
	Database JDBC URL [Connecting through datasource 'HikariDataSource (HikariPool-1)']
	Database driver: undefined/unknown
	Database version: 15.10
	Autocommit mode: undefined/unknown
	Isolation level: undefined/unknown
	Minimum pool size: undefined/unknown
	Maximum pool size: undefined/unknown
2025-02-10T11:02:46.238-07:00  INFO 37901 --- [           main] o.h.e.t.j.p.i.JtaPlatformInitiator       : HHH000489: No JTA platform available (set 'hibernate.transaction.jta.platform' to enable JTA platform integration)
2025-02-10T11:02:46.269-07:00  WARN 37901 --- [           main] o.h.engine.jdbc.spi.SqlExceptionHelper   : SQL Warning Code: 0, SQLState: 00000
2025-02-10T11:02:46.269-07:00  WARN 37901 --- [           main] o.h.engine.jdbc.spi.SqlExceptionHelper   : constraint "ukmb8kv2x9143o96jgxbv6mahcq" of relation "bank_account" does not exist, skipping
2025-02-10T11:02:46.271-07:00  WARN 37901 --- [           main] o.h.engine.jdbc.spi.SqlExceptionHelper   : SQL Warning Code: 0, SQLState: 00000
2025-02-10T11:02:46.271-07:00  WARN 37901 --- [           main] o.h.engine.jdbc.spi.SqlExceptionHelper   : constraint "ukcrkjmjk1oj8gb6j6t5kt7gcxm" of relation "customer" does not exist, skipping
2025-02-10T11:02:46.273-07:00  INFO 37901 --- [           main] j.LocalContainerEntityManagerFactoryBean : Initialized JPA EntityManagerFactory for persistence unit 'default'
2025-02-10T11:02:46.483-07:00  WARN 37901 --- [           main] JpaBaseConfiguration$JpaWebConfiguration : spring.jpa.open-in-view is enabled by default. Therefore, database queries may be performed during view rendering. Explicitly configure spring.jpa.open-in-view to disable this warning
2025-02-10T11:02:46.755-07:00  INFO 37901 --- [           main] o.a.c.c.C.[Tomcat].[localhost].[/]       : Initializing Spring TestDispatcherServlet ''
2025-02-10T11:02:46.755-07:00  INFO 37901 --- [           main] o.s.t.web.servlet.TestDispatcherServlet  : Initializing Servlet ''
2025-02-10T11:02:46.758-07:00  INFO 37901 --- [           main] o.s.b.a.e.web.EndpointLinksResolver      : Exposing 1 endpoint beneath base path '/actuator'
2025-02-10T11:02:46.764-07:00  INFO 37901 --- [           main] o.s.t.web.servlet.TestDispatcherServlet  : Completed initialization in 9 ms
2025-02-10T11:02:46.849-07:00  INFO 37901 --- [           main] o.s.b.w.embedded.tomcat.TomcatWebServer  : Tomcat started on port 62285 (http) with context path '/'
2025-02-10T11:02:46.861-07:00  INFO 37901 --- [           main] c.b.a.i.AccountIntegrationTest           : Started AccountIntegrationTest in 1.861 seconds (process running for 3.935)
2025-02-10T11:02:46.949-07:00  INFO 37901 --- [           main] c.b.a.s.bank.BankAccountServiceImpl      : Processing deposit for customer: John Doe with amount: 500, specified account: null
2025-02-10T11:02:46.957-07:00  INFO 37901 --- [           main] c.b.a.s.bank.BankAccountServiceImpl      : Customer 'John Doe' not found. Creating new customer.
2025-02-10T11:02:46.976-07:00  INFO 37901 --- [           main] c.b.a.s.bank.BankAccountServiceImpl      : Creating a new account 'ACC-A835080C' for customer: John Doe
]]></system-out>
  </testcase>
  <testcase name="testGetAccountBalance_AccountNotFound" classname="com.bank.api.integration.AccountIntegrationTest" time="0.023">
    <system-out><![CDATA[2025-02-10T11:02:47.030-07:00  INFO 37901 --- [           main] c.b.a.s.bank.BankAccountServiceImpl      : Fetching balance for account: ACC-1234
2025-02-10T11:02:47.032-07:00 ERROR 37901 --- [           main] c.b.a.s.bank.BankAccountServiceImpl      : Account number ACC-1234 not found
2025-02-10T11:02:47.032-07:00 ERROR 37901 --- [           main] c.bank.api.controller.AccountController  : Error fetching balance for ACC-1234: Bank account not found
]]></system-out>
  </testcase>
  <testcase name="testGetAccountBalance_Success" classname="com.bank.api.integration.AccountIntegrationTest" time="0.016">
    <system-out><![CDATA[2025-02-10T11:02:47.045-07:00  INFO 37901 --- [           main] c.b.a.s.bank.BankAccountServiceImpl      : Fetching balance for account: ACC-123
]]></system-out>
  </testcase>
  <testcase name="testCreateAccount_Fails_MinimumDeposit" classname="com.bank.api.integration.AccountIntegrationTest" time="0.016">
    <system-out><![CDATA[2025-02-10T11:02:47.063-07:00  INFO 37901 --- [           main] c.b.a.s.bank.BankAccountServiceImpl      : Processing deposit for customer: John Doe with amount: 20, specified account: null
2025-02-10T11:02:47.063-07:00 ERROR 37901 --- [           main] c.b.a.s.bank.BankAccountServiceImpl      : Initial deposit 20 is below the minimum required ($50)
]]></system-out>
  </testcase>
</testsuite>